SF:lib/models/person.dart
DA:2,0
LF:1
LH:0
end_of_record
SF:lib/models/student.dart
DA:10,1
DA:12,1
DA:13,2
DA:16,1
DA:17,3
DA:19,2
DA:20,2
DA:22,0
LF:8
LH:7
end_of_record
SF:lib/application.dart
DA:5,1
DA:7,0
DA:9,0
DA:10,0
DA:11,0
LF:5
LH:1
end_of_record
SF:lib/main.dart
DA:5,0
DA:6,0
LF:2
LH:0
end_of_record
SF:lib/home_screen.dart
DA:8,2
DA:10,2
DA:12,2
DA:13,2
DA:14,2
DA:15,2
DA:17,4
DA:18,4
LF:8
LH:8
end_of_record
SF:lib/api.dart
DA:8,0
DA:9,0
DA:11,0
DA:12,0
DA:14,0
LF:5
LH:0
end_of_record
SF:lib/counter.dart
DA:4,3
DA:6,3
DA:7,3
DA:13,3
DA:15,3
DA:16,3
DA:17,3
DA:19,1
DA:20,2
DA:21,3
DA:25,9
DA:26,3
DA:28,1
DA:29,2
DA:30,3
LF:15
LH:15
end_of_record
SF:lib/product_listing.dart
DA:6,0
DA:8,0
DA:9,0
DA:15,0
DA:17,0
DA:18,0
DA:22,0
DA:24,0
DA:25,0
DA:26,0
DA:27,0
DA:28,0
DA:29,0
LF:13
LH:0
end_of_record
